2023-09-02 16:06:49,828 - INFO - Creds fetched
2023-09-02 16:06:49,835 - INFO - file_cache is only supported with oauth2client<4.0.0
2023-09-02 16:06:49,844 - INFO - Last run time of script 2023/09/02
2023-09-02 16:06:50,485 - ERROR - An unexpected error occurred: 'list' object has no attribute 'length'
2023-09-02 16:07:20,544 - INFO - Creds fetched
2023-09-02 16:07:20,547 - INFO - file_cache is only supported with oauth2client<4.0.0
2023-09-02 16:07:20,552 - INFO - Last run time of script 2023/09/02
2023-09-02 16:07:21,042 - INFO - Emails fetched. Total 0 new email found.
2023-09-02 19:39:29,015 - INFO - Creds fetched
2023-09-02 19:39:29,015 - INFO - file_cache is only supported with oauth2client<4.0.0
2023-09-02 19:39:29,024 - INFO - Last run time of script 2023/09/02
2023-09-02 19:39:29,679 - INFO - Emails fetched. Total 0 new email found.
2023-09-02 20:22:04,417 - INFO - Creds fetched
2023-09-02 20:22:04,427 - INFO - file_cache is only supported with oauth2client<4.0.0
2023-09-02 20:22:04,443 - INFO - Last run time of script 2023/09/02
2023-09-02 20:22:05,089 - INFO - Emails fetched. Total 0 new email found.
2023-09-02 20:30:07,891 - INFO - Creds fetched
2023-09-02 20:30:07,899 - INFO - file_cache is only supported with oauth2client<4.0.0
2023-09-02 20:30:07,916 - ERROR - SQLite error: no such table: script_data
2023-09-02 20:31:14,642 - INFO - Creds fetched
2023-09-02 20:31:14,642 - INFO - file_cache is only supported with oauth2client<4.0.0
2023-09-02 20:31:14,650 - ERROR - SQLite error: no such table: script_data
2023-09-02 21:03:25,022 - INFO - Creds fetched
2023-09-02 21:03:25,022 - INFO - file_cache is only supported with oauth2client<4.0.0
2023-09-02 21:03:25,053 - ERROR - SQLite error: no such table: script_data
2023-09-02 21:04:05,746 - INFO - Creds fetched
2023-09-02 21:04:05,749 - INFO - file_cache is only supported with oauth2client<4.0.0
2023-09-02 21:04:05,754 - ERROR - SQLite error: no such table: script_data
2023-09-02 21:06:41,961 - INFO - Creds fetched
2023-09-02 21:06:41,965 - INFO - file_cache is only supported with oauth2client<4.0.0
2023-09-02 21:06:41,969 - ERROR - SQLite error: no such table: script_data
2023-09-02 23:34:11,849 - INFO - Creds fetched
2023-09-02 23:34:11,865 - INFO - file_cache is only supported with oauth2client<4.0.0
2023-09-02 23:34:11,880 - ERROR - SQLite error: no such table: script_data
2023-09-02 23:34:30,712 - INFO - Creds fetched
2023-09-02 23:34:30,715 - INFO - file_cache is only supported with oauth2client<4.0.0
2023-09-02 23:34:30,718 - ERROR - SQLite error: no such table: script_data
2023-09-02 23:34:39,876 - INFO - Creds fetched
2023-09-02 23:34:39,876 - INFO - file_cache is only supported with oauth2client<4.0.0
2023-09-02 23:34:39,885 - ERROR - SQLite error: no such table: script_data
2023-09-02 23:35:25,287 - INFO - Creds fetched
2023-09-02 23:35:25,291 - INFO - file_cache is only supported with oauth2client<4.0.0
2023-09-02 23:35:25,291 - ERROR - SQLite error: no such table: script_data
2023-09-02 23:37:16,130 - INFO - Creds fetched
2023-09-02 23:37:16,138 - INFO - file_cache is only supported with oauth2client<4.0.0
2023-09-02 23:37:16,154 - ERROR - SQLite error: no such table: script_data
2023-09-02 23:39:11,813 - INFO - Creds fetched
2023-09-02 23:39:11,813 - INFO - file_cache is only supported with oauth2client<4.0.0
2023-09-02 23:39:11,822 - ERROR - SQLite error: no such table: script_data
2023-09-02 23:39:32,121 - INFO - Creds fetched
2023-09-02 23:39:32,126 - INFO - file_cache is only supported with oauth2client<4.0.0
2023-09-02 23:39:32,126 - ERROR - SQLite error: no such table: script_data
2023-09-02 23:40:20,441 - INFO - Creds fetched
2023-09-02 23:40:20,449 - INFO - file_cache is only supported with oauth2client<4.0.0
2023-09-02 23:40:20,457 - ERROR - SQLite error: no such table: script_data
2023-09-02 23:41:07,551 - INFO - Creds fetched
2023-09-02 23:41:07,559 - INFO - file_cache is only supported with oauth2client<4.0.0
2023-09-02 23:41:07,575 - ERROR - SQLite error: no such table: script_data
2023-09-02 23:42:41,436 - INFO - Creds fetched
2023-09-02 23:42:41,444 - INFO - file_cache is only supported with oauth2client<4.0.0
2023-09-02 23:42:41,460 - ERROR - SQLite error: no such table: script_data
2023-09-02 23:45:24,533 - INFO - Creds fetched
2023-09-02 23:45:24,549 - INFO - file_cache is only supported with oauth2client<4.0.0
2023-09-02 23:45:24,573 - ERROR - SQLite error: no such table: script_data
2023-09-02 23:46:42,873 - INFO - Creds fetched
2023-09-02 23:46:42,882 - INFO - file_cache is only supported with oauth2client<4.0.0
2023-09-02 23:46:42,898 - ERROR - SQLite error: no such table: script_data
2023-09-02 23:47:07,217 - INFO - Creds fetched
2023-09-02 23:47:07,217 - INFO - file_cache is only supported with oauth2client<4.0.0
2023-09-02 23:47:07,281 - INFO - Last run time of script None
2023-09-02 23:47:08,009 - INFO - Emails fetched. Total 3 new email found.
2023-09-02 23:47:08,398 - INFO - New email inserted in the db.
2023-09-02 23:47:08,749 - INFO - New email inserted in the db.
2023-09-02 23:47:09,132 - INFO - New email inserted in the db.
